\BOOKMARK [0][-]{chapter.1}{Introduction}{}% 1
\BOOKMARK [1][-]{section.1.1}{Opening Thoughts}{chapter.1}% 2
\BOOKMARK [1][-]{section.1.2}{Describing Fluid Flow}{chapter.1}% 3
\BOOKMARK [1][-]{section.1.3}{Visualizing Fluid Flow}{chapter.1}% 4
\BOOKMARK [2][-]{subsection.1.3.1}{Vector Plots}{section.1.3}% 5
\BOOKMARK [2][-]{subsection.1.3.2}{Streamlines}{section.1.3}% 6
\BOOKMARK [1][-]{section.1.4}{Total Derivative and Acceleration}{chapter.1}% 7
\BOOKMARK [1][-]{section.1.5}{Incompressible and Irrotational Flow}{chapter.1}% 8
\BOOKMARK [2][-]{subsection.1.5.1}{The Incompressibility Condition}{section.1.5}% 9
\BOOKMARK [2][-]{subsection.1.5.2}{Vorticity}{section.1.5}% 10
\BOOKMARK [1][-]{section.1.6}{Viscosity}{chapter.1}% 11
\BOOKMARK [1][-]{section*.12}{Problems}{chapter.1}% 12
\BOOKMARK [0][-]{chapter.2}{Viscous Fluids}{}% 13
\BOOKMARK [1][-]{section.2.1}{The Navier-Stokes Equations}{chapter.2}% 14
\BOOKMARK [2][-]{subsection.2.1.1}{Cartesian Coordinates}{section.2.1}% 15
\BOOKMARK [1][-]{section.2.2}{Simple Viscous Flows}{chapter.2}% 16
\BOOKMARK [2][-]{subsection.2.2.1}{Poiseuille Flow in One Dimension}{section.2.2}% 17
\BOOKMARK [2][-]{subsection.2.2.2}{Time Dependent Flow}{section.2.2}% 18
\BOOKMARK [2][-]{subsection.2.2.3}{An Impulsively Moved Boundary}{section.2.2}% 19
\BOOKMARK [2][-]{subsection.2.2.4}{Self-Similar Flows}{section.2.2}% 20
\BOOKMARK [1][-]{section.2.3}{Circular Flow}{chapter.2}% 21
\BOOKMARK [2][-]{subsection.2.3.1}{The Navier-Stokes Equations in Cylindrical Coordinates}{section.2.3}% 22
\BOOKMARK [2][-]{subsection.2.3.2}{Uniformly Rotating Fluid}{section.2.3}% 23
\BOOKMARK [2][-]{subsection.2.3.3}{Spin Down of Rotating Fluid}{section.2.3}% 24
\BOOKMARK [2][-]{subsection.2.3.4}{The Line Vortex}{section.2.3}% 25
\BOOKMARK [1][-]{section.2.4}{Transport of Vorticity}{chapter.2}% 26
\BOOKMARK [1][-]{section.2.5}{Advanced Topics 1: Deriving the Navier-Stokes Equations}{chapter.2}% 27
\BOOKMARK [1][-]{section.2.6}{Advanced Topics 2: Boundary Layers}{chapter.2}% 28
\BOOKMARK [1][-]{section*.31}{Problems}{chapter.2}% 29
\BOOKMARK [0][-]{chapter.3}{Ideal Fluids}{}% 30
\BOOKMARK [1][-]{section.3.1}{Static Fluids}{chapter.3}% 31
\BOOKMARK [1][-]{section.3.2}{Bernoulli's Principle}{chapter.3}% 32
\BOOKMARK [1][-]{section.3.3}{The Vorticity Equation}{chapter.3}% 33
\BOOKMARK [1][-]{section.3.4}{Example: Uniformly Rotating Fluid}{chapter.3}% 34
\BOOKMARK [1][-]{section.3.5}{The Velocity Potential and Laplace's Equation}{chapter.3}% 35
\BOOKMARK [1][-]{section.3.6}{Example: Flow Past a Cylinder}{chapter.3}% 36
\BOOKMARK [1][-]{section*.40}{Problems}{chapter.3}% 37
\BOOKMARK [0][-]{appendix.A}{Figures and Examples \205 Jupyter Notebooks}{}% 38
\BOOKMARK [1][-]{section.A.1}{Chapter 1}{appendix.A}% 39
\BOOKMARK [1][-]{section.A.2}{Chapter 2}{appendix.A}% 40
\BOOKMARK [1][-]{section.A.3}{Chapter 3}{appendix.A}% 41
